<?xml version="1.0" encoding="UTF-8"?>
<testsuite name="com.martynbutty.householdsalah.HouseholdSalahApplicationTests" tests="1" skipped="0" failures="0" errors="0" timestamp="2024-02-12T18:08:08" hostname="BigMac.local" time="0.791">
  <properties/>
  <testcase name="contextLoads()" classname="com.martynbutty.householdsalah.HouseholdSalahApplicationTests" time="0.791"/>
  <system-out><![CDATA[18:08:05.591 [Test worker] INFO org.springframework.test.context.support.AnnotationConfigContextLoaderUtils -- Could not detect default configuration classes for test class [com.martynbutty.householdsalah.HouseholdSalahApplicationTests]: HouseholdSalahApplicationTests does not declare any static, non-private, non-final, nested classes annotated with @Configuration.
18:08:05.696 [Test worker] INFO org.springframework.boot.test.context.SpringBootTestContextBootstrapper -- Found @SpringBootConfiguration com.martynbutty.householdsalah.HouseholdSalahApplication for test class com.martynbutty.householdsalah.HouseholdSalahApplicationTests

  .   ____          _            __ _ _
 /\\ / ___'_ __ _ _(_)_ __  __ _ \ \ \ \
( ( )\___ | '_ | '_| | '_ \/ _` | \ \ \ \
 \\/  ___)| |_)| | | | | || (_| |  ) ) ) )
  '  |____| .__|_| |_|_| |_\__, | / / / /
 =========|_|==============|___/=/_/_/_/
 :: Spring Boot ::                (v3.2.2)

2024-02-12T18:08:06.092Z  INFO 97838 --- [    Test worker] c.m.h.HouseholdSalahApplicationTests     : Starting HouseholdSalahApplicationTests using Java 21.0.2 with PID 97838 (started by martyn in /Users/martyn/work/household-salah)
2024-02-12T18:08:06.093Z  INFO 97838 --- [    Test worker] c.m.h.HouseholdSalahApplicationTests     : No active profile set, falling back to 1 default profile: "default"
2024-02-12T18:08:07.821Z  INFO 97838 --- [    Test worker] o.s.b.a.e.web.EndpointLinksResolver      : Exposing 1 endpoint(s) beneath base path '/actuator'
2024-02-12T18:08:07.894Z  INFO 97838 --- [    Test worker] o.s.s.config.TaskSchedulerRouter         : No TaskScheduler/ScheduledExecutorService bean found for scheduled processing
2024-02-12T18:08:07.900Z  INFO 97838 --- [    Test worker] c.m.h.HouseholdSalahApplicationTests     : Started HouseholdSalahApplicationTests in 2.053 seconds (process running for 3.339)
]]></system-out>
  <system-err><![CDATA[WARNING: A Java agent has been loaded dynamically (/Users/martyn/.gradle/caches/modules-2/files-2.1/net.bytebuddy/byte-buddy-agent/1.14.11/f9cb566608fbac6bc7bf54901a7aa11543a989ee/byte-buddy-agent-1.14.11.jar)
WARNING: If a serviceability tool is in use, please run with -XX:+EnableDynamicAgentLoading to hide this warning
WARNING: If a serviceability tool is not in use, please run with -Djdk.instrument.traceUsage for more information
WARNING: Dynamic loading of agents will be disallowed by default in a future release
]]></system-err>
</testsuite>
